Determining if the pthread_create exist failed with the following output:
Change Dir: /home/feilong/Ros-Cat/build/mavpi/CMakeFiles/CMakeTmp

Run Build Command:"/usr/bin/make" "cmTC_563da/fast"
/usr/bin/make -f CMakeFiles/cmTC_563da.dir/build.make CMakeFiles/cmTC_563da.dir/build
make[1]: Entering directory '/home/feilong/Ros-Cat/build/mavpi/CMakeFiles/CMakeTmp'
Building C object CMakeFiles/cmTC_563da.dir/CheckSymbolExists.c.o
/usr/lib/ccache/cc     -o CMakeFiles/cmTC_563da.dir/CheckSymbolExists.c.o   -c /home/feilong/Ros-Cat/build/mavpi/CMakeFiles/CMakeTmp/CheckSymbolExists.c
Linking C executable cmTC_563da
/usr/bin/cmake -E cmake_link_script CMakeFiles/cmTC_563da.dir/link.txt --verbose=1
/usr/lib/ccache/cc       CMakeFiles/cmTC_563da.dir/CheckSymbolExists.c.o  -o cmTC_563da -rdynamic 
CMakeFiles/cmTC_563da.dir/CheckSymbolExists.c.o：在函数‘main’中：
CheckSymbolExists.c:(.text+0x16)：对‘pthread_create’未定义的引用
collect2: error: ld returned 1 exit status
CMakeFiles/cmTC_563da.dir/build.make:97: recipe for target 'cmTC_563da' failed
make[1]: *** [cmTC_563da] Error 1
make[1]: Leaving directory '/home/feilong/Ros-Cat/build/mavpi/CMakeFiles/CMakeTmp'
Makefile:126: recipe for target 'cmTC_563da/fast' failed
make: *** [cmTC_563da/fast] Error 2

File /home/feilong/Ros-Cat/build/mavpi/CMakeFiles/CMakeTmp/CheckSymbolExists.c:
/* */
#include <pthread.h>

int main(int argc, char** argv)
{
  (void)argv;
#ifndef pthread_create
  return ((int*)(&pthread_create))[argc];
#else
  (void)argc;
  return 0;
#endif
}

Determining if the function pthread_create exists in the pthreads failed with the following output:
Change Dir: /home/feilong/Ros-Cat/build/mavpi/CMakeFiles/CMakeTmp

Run Build Command:"/usr/bin/make" "cmTC_5e7d7/fast"
/usr/bin/make -f CMakeFiles/cmTC_5e7d7.dir/build.make CMakeFiles/cmTC_5e7d7.dir/build
make[1]: Entering directory '/home/feilong/Ros-Cat/build/mavpi/CMakeFiles/CMakeTmp'
Building C object CMakeFiles/cmTC_5e7d7.dir/CheckFunctionExists.c.o
/usr/lib/ccache/cc    -DCHECK_FUNCTION_EXISTS=pthread_create   -o CMakeFiles/cmTC_5e7d7.dir/CheckFunctionExists.c.o   -c /usr/share/cmake-3.5/Modules/CheckFunctionExists.c
Linking C executable cmTC_5e7d7
/usr/bin/cmake -E cmake_link_script CMakeFiles/cmTC_5e7d7.dir/link.txt --verbose=1
/usr/lib/ccache/cc   -DCHECK_FUNCTION_EXISTS=pthread_create    CMakeFiles/cmTC_5e7d7.dir/CheckFunctionExists.c.o  -o cmTC_5e7d7 -rdynamic -lpthreads 
/usr/bin/ld: 找不到 -lpthreads
collect2: error: ld returned 1 exit status
CMakeFiles/cmTC_5e7d7.dir/build.make:97: recipe for target 'cmTC_5e7d7' failed
make[1]: *** [cmTC_5e7d7] Error 1
make[1]: Leaving directory '/home/feilong/Ros-Cat/build/mavpi/CMakeFiles/CMakeTmp'
Makefile:126: recipe for target 'cmTC_5e7d7/fast' failed
make: *** [cmTC_5e7d7/fast] Error 2


