Determining if the pthread_create exist failed with the following output:
Change Dir: /home/pi/catkin_workspace/build/CMakeFiles/CMakeTmp

Run Build Command:"/usr/bin/make" "cmTC_a032e/fast"
/usr/bin/make -f CMakeFiles/cmTC_a032e.dir/build.make CMakeFiles/cmTC_a032e.dir/build
make[1]: Entering directory '/home/pi/catkin_workspace/build/CMakeFiles/CMakeTmp'
Building C object CMakeFiles/cmTC_a032e.dir/CheckSymbolExists.c.o
/usr/bin/cc     -o CMakeFiles/cmTC_a032e.dir/CheckSymbolExists.c.o   -c /home/pi/catkin_workspace/build/CMakeFiles/CMakeTmp/CheckSymbolExists.c
Linking C executable cmTC_a032e
/usr/bin/cmake -E cmake_link_script CMakeFiles/cmTC_a032e.dir/link.txt --verbose=1
/usr/bin/cc       CMakeFiles/cmTC_a032e.dir/CheckSymbolExists.c.o  -o cmTC_a032e -rdynamic 
CMakeFiles/cmTC_a032e.dir/CheckSymbolExists.c.o: In function `main':
CheckSymbolExists.c:(.text+0xe): undefined reference to `pthread_create'
CheckSymbolExists.c:(.text+0x12): undefined reference to `pthread_create'
collect2: error: ld returned 1 exit status
CMakeFiles/cmTC_a032e.dir/build.make:97: recipe for target 'cmTC_a032e' failed
make[1]: *** [cmTC_a032e] Error 1
make[1]: Leaving directory '/home/pi/catkin_workspace/build/CMakeFiles/CMakeTmp'
Makefile:126: recipe for target 'cmTC_a032e/fast' failed
make: *** [cmTC_a032e/fast] Error 2

File /home/pi/catkin_workspace/build/CMakeFiles/CMakeTmp/CheckSymbolExists.c:
/* */
#include <pthread.h>

int main(int argc, char** argv)
{
  (void)argv;
#ifndef pthread_create
  return ((int*)(&pthread_create))[argc];
#else
  (void)argc;
  return 0;
#endif
}

Determining if the function pthread_create exists in the pthreads failed with the following output:
Change Dir: /home/pi/catkin_workspace/build/CMakeFiles/CMakeTmp

Run Build Command:"/usr/bin/make" "cmTC_7e749/fast"
/usr/bin/make -f CMakeFiles/cmTC_7e749.dir/build.make CMakeFiles/cmTC_7e749.dir/build
make[1]: Entering directory '/home/pi/catkin_workspace/build/CMakeFiles/CMakeTmp'
Building C object CMakeFiles/cmTC_7e749.dir/CheckFunctionExists.c.o
/usr/bin/cc    -DCHECK_FUNCTION_EXISTS=pthread_create   -o CMakeFiles/cmTC_7e749.dir/CheckFunctionExists.c.o   -c /usr/share/cmake-3.5/Modules/CheckFunctionExists.c
Linking C executable cmTC_7e749
/usr/bin/cmake -E cmake_link_script CMakeFiles/cmTC_7e749.dir/link.txt --verbose=1
/usr/bin/cc   -DCHECK_FUNCTION_EXISTS=pthread_create    CMakeFiles/cmTC_7e749.dir/CheckFunctionExists.c.o  -o cmTC_7e749 -rdynamic -lpthreads 
/usr/bin/ld: cannot find -lpthreads
collect2: error: ld returned 1 exit status
CMakeFiles/cmTC_7e749.dir/build.make:97: recipe for target 'cmTC_7e749' failed
make[1]: *** [cmTC_7e749] Error 1
make[1]: Leaving directory '/home/pi/catkin_workspace/build/CMakeFiles/CMakeTmp'
Makefile:126: recipe for target 'cmTC_7e749/fast' failed
make: *** [cmTC_7e749/fast] Error 2


