[36m--[0m Using CATKIN_DEVEL_PREFIX: /home/feilong/Ros-Cat/devel/.private/mavpi
[36m--[0m Using CMAKE_PREFIX_PATH: /home/feilong/Ros-Cat/devel;/opt/ros/kinetic
[36m--[0m This workspace overlays: /home/feilong/Ros-Cat/devel;/opt/ros/kinetic
[36m--[0m Using PYTHON_EXECUTABLE: /usr/bin/python
[36m--[0m Using Debian Python package layout
[36m--[0m Using empy: /usr/bin/empy
[36m--[0m Using CATKIN_ENABLE_TESTING: ON
[36m--[0m Call enable_testing()
[36m--[0m Using CATKIN_TEST_RESULTS_DIR: /home/feilong/Ros-Cat/build/mavpi/test_results
[36m--[0m Found gtest sources under '/usr/src/gtest': gtests will be built
[36m--[0m Using Python nosetests: /usr/bin/nosetests-2.7
[36m--[0m catkin 0.7.6
[36m--[0m Using these message generators: gencpp;geneus;genlisp;gennodejs;genpy
[31m[1mCMake Error[0m at /home/feilong/Ros-Cat/src/mavpi/CMakeLists.txt:16 (find_package):
  By not providing "Findboost.cmake" in CMAKE_MODULE_PATH this project has
  asked CMake to find a package configuration file provided by "boost", but
  CMake did not find one.

  Could not find a package configuration file provided by "boost" with any of
  the following names:

    boostConfig.cmake
    boost-config.cmake

  Add the installation prefix of "boost" to CMAKE_PREFIX_PATH or set
  "boost_DIR" to a directory containing one of the above files.  If "boost"
  provides a separate development package or SDK, be sure it has been
  installed.


[36m--[0m Configuring incomplete, errors occurred!
See also "/home/feilong/Ros-Cat/build/mavpi/CMakeFiles/CMakeOutput.log".
See also "/home/feilong/Ros-Cat/build/mavpi/CMakeFiles/CMakeError.log".
Makefile:1118: recipe for target 'cmake_check_build_system' failed
make: *** [cmake_check_build_system] Error 1
